# JRE version: Java(TM) SE Runtime Environment (9.0+11) (build 9.0.4+11)
# Java VM: Java HotSpot(TM) 64-Bit Server VM (9.0.4+11, mixed mode, tiered, compressed oops, g1 gc, windows-amd64)
Heap:
 garbage-first heap   total 143360K, used 93778K [0x0000000700000000, 0x0000000700100460, 0x00000007c0000000)
  region size 1024K, 33 young (33792K), 1 survivors (1024K)
 Metaspace       used 78034K, capacity 79381K, committed 86140K, reserved 1124352K
  class space    used 10403K, capacity 10719K, committed 12156K, reserved 1048576K
GC Heap History (10 events):
Event: 45968.039 GC heap before
{Heap before GC invocations=102 (full 10):
 garbage-first heap   total 143360K, used 122986K [0x0000000700000000, 0x0000000700100460, 0x00000007c0000000)
  region size 1024K, 60 young (61440K), 1 survivors (1024K)
 Metaspace       used 77981K, capacity 79317K, committed 86140K, reserved 1124352K
  class space    used 10403K, capacity 10719K, committed 12156K, reserved 1048576K
}
Event: 45968.048 GC heap after
{Heap after GC invocations=103 (full 10):
 garbage-first heap   total 143360K, used 62580K [0x0000000700000000, 0x0000000700100460, 0x00000007c0000000)
  region size 1024K, 1 young (1024K), 1 survivors (1024K)
 Metaspace       used 77981K, capacity 79317K, committed 86140K, reserved 1124352K
  class space    used 10403K, capacity 10719K, committed 12156K, reserved 1048576K
}
Event: 69860.423 GC heap before
{Heap before GC invocations=103 (full 10):
 garbage-first heap   total 143360K, used 69748K [0x0000000700000000, 0x0000000700100460, 0x00000007c0000000)
  region size 1024K, 9 young (9216K), 1 survivors (1024K)
 Metaspace       used 77981K, capacity 79317K, committed 86140K, reserved 1124352K
  class space    used 10403K, capacity 10719K, committed 12156K, reserved 1048576K
}
Event: 69861.475 GC heap after
{Heap after GC invocations=104 (full 11):
 garbage-first heap   total 143360K, used 61289K [0x0000000700000000, 0x0000000700100460, 0x00000007c0000000)
  region size 1024K, 0 young (0K), 0 survivors (0K)
 Metaspace       used 77981K, capacity 79317K, committed 86140K, reserved 1124352K
  class space    used 10403K, capacity 10719K, committed 12156K, reserved 1048576K
}
Event: 70100.963 GC heap before
{Heap before GC invocations=104 (full 11):
 garbage-first heap   total 143360K, used 122729K [0x0000000700000000, 0x0000000700100460, 0x00000007c0000000)
  region size 1024K, 60 young (61440K), 0 survivors (0K)
 Metaspace       used 78004K, capacity 79317K, committed 86140K, reserved 1124352K
  class space    used 10403K, capacity 10719K, committed 12156K, reserved 1048576K
}
Event: 70101.031 GC heap after
{Heap after GC invocations=105 (full 11):
 garbage-first heap   total 143360K, used 62433K [0x0000000700000000, 0x0000000700100460, 0x00000007c0000000)
  region size 1024K, 2 young (2048K), 2 survivors (2048K)
 Metaspace       used 78004K, capacity 79317K, committed 86140K, reserved 1124352K
  class space    used 10403K, capacity 10719K, committed 12156K, reserved 1048576K
}
Event: 70102.332 GC heap before
{Heap before GC invocations=105 (full 11):
 garbage-first heap   total 143360K, used 121825K [0x0000000700000000, 0x0000000700100460, 0x00000007c0000000)
  region size 1024K, 60 young (61440K), 2 survivors (2048K)
 Metaspace       used 78014K, capacity 79317K, committed 86140K, reserved 1124352K
  class space    used 10403K, capacity 10719K, committed 12156K, reserved 1048576K
}
Event: 70102.343 GC heap after
{Heap after GC invocations=106 (full 11):
 garbage-first heap   total 143360K, used 61945K [0x0000000700000000, 0x0000000700100460, 0x00000007c0000000)
  region size 1024K, 1 young (1024K), 1 survivors (1024K)
 Metaspace       used 78014K, capacity 79317K, committed 86140K, reserved 1124352K
  class space    used 10403K, capacity 10719K, committed 12156K, reserved 1048576K
}
Event: 70103.820 GC heap before
{Heap before GC invocations=106 (full 11):
 garbage-first heap   total 143360K, used 122361K [0x0000000700000000, 0x0000000700100460, 0x00000007c0000000)
  region size 1024K, 60 young (61440K), 1 survivors (1024K)
 Metaspace       used 78018K, capacity 79317K, committed 86140K, reserved 1124352K
  class space    used 10403K, capacity 10719K, committed 12156K, reserved 1048576K
}
Event: 70103.856 GC heap after
{Heap after GC invocations=107 (full 11):
 garbage-first heap   total 143360K, used 62034K [0x0000000700000000, 0x0000000700100460, 0x00000007c0000000)
  region size 1024K, 1 young (1024K), 1 survivors (1024K)
 Metaspace       used 78018K, capacity 79317K, committed 86140K, reserved 1124352K
  class space    used 10403K, capacity 10719K, committed 12156K, reserved 1048576K
}

