# JRE version: Java(TM) SE Runtime Environment (9.0+11) (build 9.0.4+11)
# Java VM: Java HotSpot(TM) 64-Bit Server VM (9.0.4+11, mixed mode, tiered, compressed oops, g1 gc, windows-amd64)
Heap:
 garbage-first heap   total 168960K, used 103210K [0x0000000700000000, 0x0000000700100528, 0x00000007c0000000)
  region size 1024K, 36 young (36864K), 1 survivors (1024K)
 Metaspace       used 79814K, capacity 85565K, committed 85620K, reserved 1122304K
  class space    used 11130K, capacity 12125K, committed 12148K, reserved 1048576K
GC Heap History (10 events):
Event: 478.725 GC heap before
{Heap before GC invocations=65 (full 5):
 garbage-first heap   total 168960K, used 136647K [0x0000000700000000, 0x0000000700100528, 0x00000007c0000000)
  region size 1024K, 60 young (61440K), 4 survivors (4096K)
 Metaspace       used 79435K, capacity 85019K, committed 85108K, reserved 1122304K
  class space    used 11091K, capacity 12060K, committed 12148K, reserved 1048576K
}
Event: 478.733 GC heap after
{Heap after GC invocations=66 (full 5):
 garbage-first heap   total 168960K, used 77793K [0x0000000700000000, 0x0000000700100528, 0x00000007c0000000)
  region size 1024K, 3 young (3072K), 3 survivors (3072K)
 Metaspace       used 79435K, capacity 85019K, committed 85108K, reserved 1122304K
  class space    used 11091K, capacity 12060K, committed 12148K, reserved 1048576K
}
Event: 484.445 GC heap before
{Heap before GC invocations=67 (full 5):
 garbage-first heap   total 168960K, used 136161K [0x0000000700000000, 0x0000000700100528, 0x00000007c0000000)
  region size 1024K, 60 young (61440K), 3 survivors (3072K)
 Metaspace       used 79523K, capacity 85083K, committed 85364K, reserved 1122304K
  class space    used 11092K, capacity 12060K, committed 12148K, reserved 1048576K
}
Event: 484.459 GC heap after
{Heap after GC invocations=68 (full 5):
 garbage-first heap   total 168960K, used 77493K [0x0000000700000000, 0x0000000700100528, 0x00000007c0000000)
  region size 1024K, 3 young (3072K), 3 survivors (3072K)
 Metaspace       used 79523K, capacity 85083K, committed 85364K, reserved 1122304K
  class space    used 11092K, capacity 12060K, committed 12148K, reserved 1048576K
}
Event: 534.427 GC heap before
{Heap before GC invocations=68 (full 5):
 garbage-first heap   total 168960K, used 135861K [0x0000000700000000, 0x0000000700100528, 0x00000007c0000000)
  region size 1024K, 60 young (61440K), 3 survivors (3072K)
 Metaspace       used 79591K, capacity 85147K, committed 85364K, reserved 1122304K
  class space    used 11094K, capacity 12060K, committed 12148K, reserved 1048576K
}
Event: 534.447 GC heap after
{Heap after GC invocations=69 (full 5):
 garbage-first heap   total 168960K, used 77174K [0x0000000700000000, 0x0000000700100528, 0x00000007c0000000)
  region size 1024K, 2 young (2048K), 2 survivors (2048K)
 Metaspace       used 79591K, capacity 85147K, committed 85364K, reserved 1122304K
  class space    used 11094K, capacity 12060K, committed 12148K, reserved 1048576K
}
Event: 7510.873 GC heap before
{Heap before GC invocations=70 (full 5):
 garbage-first heap   total 168960K, used 118134K [0x0000000700000000, 0x0000000700100528, 0x00000007c0000000)
  region size 1024K, 43 young (44032K), 2 survivors (2048K)
 Metaspace       used 79624K, capacity 85153K, committed 85364K, reserved 1122304K
  class space    used 11096K, capacity 12061K, committed 12148K, reserved 1048576K
}
Event: 7512.424 GC heap after
{Heap after GC invocations=71 (full 6):
 garbage-first heap   total 168960K, used 67822K [0x0000000700000000, 0x0000000700100528, 0x00000007c0000000)
  region size 1024K, 0 young (0K), 0 survivors (0K)
 Metaspace       used 79624K, capacity 85153K, committed 85364K, reserved 1122304K
  class space    used 11096K, capacity 12061K, committed 12148K, reserved 1048576K
}
Event: 7655.849 GC heap before
{Heap before GC invocations=71 (full 6):
 garbage-first heap   total 168960K, used 129262K [0x0000000700000000, 0x0000000700100528, 0x00000007c0000000)
  region size 1024K, 60 young (61440K), 0 survivors (0K)
 Metaspace       used 79774K, capacity 85437K, committed 85620K, reserved 1122304K
  class space    used 11130K, capacity 12125K, committed 12148K, reserved 1048576K
}
Event: 7655.941 GC heap after
{Heap after GC invocations=72 (full 6):
 garbage-first heap   total 168960K, used 68394K [0x0000000700000000, 0x0000000700100528, 0x00000007c0000000)
  region size 1024K, 1 young (1024K), 1 survivors (1024K)
 Metaspace       used 79774K, capacity 85437K, committed 85620K, reserved 1122304K
  class space    used 11130K, capacity 12125K, committed 12148K, reserved 1048576K
}

