# JRE version: Java(TM) SE Runtime Environment (9.0+11) (build 9.0.4+11)
# Java VM: Java HotSpot(TM) 64-Bit Server VM (9.0.4+11, mixed mode, tiered, compressed oops, g1 gc, windows-amd64)
Heap:
 garbage-first heap   total 167936K, used 103684K [0x0000000700000000, 0x0000000700100520, 0x00000007c0000000)
  region size 1024K, 24 young (24576K), 2 survivors (2048K)
 Metaspace       used 81077K, capacity 83119K, committed 89036K, reserved 1126400K
  class space    used 10793K, capacity 11220K, committed 12492K, reserved 1048576K
GC Heap History (10 events):
Event: 10964.103 GC heap before
{Heap before GC invocations=680 (full 10):
 garbage-first heap   total 167936K, used 141635K [0x0000000700000000, 0x0000000700100520, 0x00000007c0000000)
  region size 1024K, 60 young (61440K), 1 survivors (1024K)
 Metaspace       used 80756K, capacity 82653K, committed 88652K, reserved 1126400K
  class space    used 10716K, capacity 11125K, committed 12364K, reserved 1048576K
}
Event: 10964.107 GC heap after
{Heap after GC invocations=681 (full 10):
 garbage-first heap   total 167936K, used 81237K [0x0000000700000000, 0x0000000700100520, 0x00000007c0000000)
  region size 1024K, 1 young (1024K), 1 survivors (1024K)
 Metaspace       used 80756K, capacity 82653K, committed 88652K, reserved 1126400K
  class space    used 10716K, capacity 11125K, committed 12364K, reserved 1048576K
}
Event: 10968.103 GC heap before
{Heap before GC invocations=681 (full 10):
 garbage-first heap   total 167936K, used 141653K [0x0000000700000000, 0x0000000700100520, 0x00000007c0000000)
  region size 1024K, 60 young (61440K), 1 survivors (1024K)
 Metaspace       used 81022K, capacity 83055K, committed 89036K, reserved 1126400K
  class space    used 10793K, capacity 11220K, committed 12492K, reserved 1048576K
}
Event: 10968.108 GC heap after
{Heap after GC invocations=682 (full 10):
 garbage-first heap   total 167936K, used 81560K [0x0000000700000000, 0x0000000700100520, 0x00000007c0000000)
  region size 1024K, 1 young (1024K), 1 survivors (1024K)
 Metaspace       used 81022K, capacity 83055K, committed 89036K, reserved 1126400K
  class space    used 10793K, capacity 11220K, committed 12492K, reserved 1048576K
}
Event: 10972.019 GC heap before
{Heap before GC invocations=682 (full 10):
 garbage-first heap   total 167936K, used 141976K [0x0000000700000000, 0x0000000700100520, 0x00000007c0000000)
  region size 1024K, 60 young (61440K), 1 survivors (1024K)
 Metaspace       used 81025K, capacity 83055K, committed 89036K, reserved 1126400K
  class space    used 10793K, capacity 11220K, committed 12492K, reserved 1048576K
}
Event: 10972.022 GC heap after
{Heap after GC invocations=683 (full 10):
 garbage-first heap   total 167936K, used 81719K [0x0000000700000000, 0x0000000700100520, 0x00000007c0000000)
  region size 1024K, 1 young (1024K), 1 survivors (1024K)
 Metaspace       used 81025K, capacity 83055K, committed 89036K, reserved 1126400K
  class space    used 10793K, capacity 11220K, committed 12492K, reserved 1048576K
}
Event: 10972.395 GC heap before
{Heap before GC invocations=683 (full 10):
 garbage-first heap   total 167936K, used 142135K [0x0000000700000000, 0x0000000700100520, 0x00000007c0000000)
  region size 1024K, 60 young (61440K), 1 survivors (1024K)
 Metaspace       used 81055K, capacity 83119K, committed 89036K, reserved 1126400K
  class space    used 10793K, capacity 11220K, committed 12492K, reserved 1048576K
}
Event: 10972.402 GC heap after
{Heap after GC invocations=684 (full 10):
 garbage-first heap   total 167936K, used 81955K [0x0000000700000000, 0x0000000700100520, 0x00000007c0000000)
  region size 1024K, 1 young (1024K), 1 survivors (1024K)
 Metaspace       used 81055K, capacity 83119K, committed 89036K, reserved 1126400K
  class space    used 10793K, capacity 11220K, committed 12492K, reserved 1048576K
}
Event: 10975.028 GC heap before
{Heap before GC invocations=684 (full 10):
 garbage-first heap   total 167936K, used 142371K [0x0000000700000000, 0x0000000700100520, 0x00000007c0000000)
  region size 1024K, 60 young (61440K), 1 survivors (1024K)
 Metaspace       used 81076K, capacity 83119K, committed 89036K, reserved 1126400K
  class space    used 10793K, capacity 11220K, committed 12492K, reserved 1048576K
}
Event: 10975.039 GC heap after
{Heap after GC invocations=685 (full 10):
 garbage-first heap   total 167936K, used 82180K [0x0000000700000000, 0x0000000700100520, 0x00000007c0000000)
  region size 1024K, 2 young (2048K), 2 survivors (2048K)
 Metaspace       used 81076K, capacity 83119K, committed 89036K, reserved 1126400K
  class space    used 10793K, capacity 11220K, committed 12492K, reserved 1048576K
}

