# JRE version: Java(TM) SE Runtime Environment (9.0+11) (build 9.0.4+11)
# Java VM: Java HotSpot(TM) 64-Bit Server VM (9.0.4+11, mixed mode, tiered, compressed oops, g1 gc, windows-amd64)
Heap:
 garbage-first heap   total 211968K, used 112346K [0x0000000700000000, 0x0000000700100678, 0x00000007c0000000)
  region size 1024K, 42 young (43008K), 3 survivors (3072K)
 Metaspace       used 80592K, capacity 86127K, committed 86388K, reserved 1124352K
  class space    used 11158K, capacity 12136K, committed 12148K, reserved 1048576K
GC Heap History (10 events):
Event: 25574.897 GC heap before
{Heap before GC invocations=81 (full 3):
 garbage-first heap   total 211968K, used 132098K [0x0000000700000000, 0x0000000700100678, 0x00000007c0000000)
  region size 1024K, 60 young (61440K), 4 survivors (4096K)
 Metaspace       used 80245K, capacity 85705K, committed 85876K, reserved 1122304K
  class space    used 11083K, capacity 12035K, committed 12148K, reserved 1048576K
}
Event: 25574.929 GC heap after
{Heap after GC invocations=82 (full 3):
 garbage-first heap   total 211968K, used 75181K [0x0000000700000000, 0x0000000700100678, 0x00000007c0000000)
  region size 1024K, 4 young (4096K), 4 survivors (4096K)
 Metaspace       used 80245K, capacity 85705K, committed 85876K, reserved 1122304K
  class space    used 11083K, capacity 12035K, committed 12148K, reserved 1048576K
}
Event: 25617.478 GC heap before
{Heap before GC invocations=82 (full 3):
 garbage-first heap   total 211968K, used 132525K [0x0000000700000000, 0x0000000700100678, 0x00000007c0000000)
  region size 1024K, 60 young (61440K), 4 survivors (4096K)
 Metaspace       used 80276K, capacity 85775K, committed 86132K, reserved 1124352K
  class space    used 11086K, capacity 12036K, committed 12148K, reserved 1048576K
}
Event: 25617.486 GC heap after
{Heap after GC invocations=83 (full 3):
 garbage-first heap   total 211968K, used 75056K [0x0000000700000000, 0x0000000700100678, 0x00000007c0000000)
  region size 1024K, 4 young (4096K), 4 survivors (4096K)
 Metaspace       used 80276K, capacity 85775K, committed 86132K, reserved 1124352K
  class space    used 11086K, capacity 12036K, committed 12148K, reserved 1048576K
}
Event: 25618.301 GC heap before
{Heap before GC invocations=83 (full 3):
 garbage-first heap   total 211968K, used 132400K [0x0000000700000000, 0x0000000700100678, 0x00000007c0000000)
  region size 1024K, 60 young (61440K), 4 survivors (4096K)
 Metaspace       used 80426K, capacity 85917K, committed 86132K, reserved 1124352K
  class space    used 11134K, capacity 12103K, committed 12148K, reserved 1048576K
}
Event: 25618.308 GC heap after
{Heap after GC invocations=84 (full 3):
 garbage-first heap   total 211968K, used 73646K [0x0000000700000000, 0x0000000700100678, 0x00000007c0000000)
  region size 1024K, 3 young (3072K), 3 survivors (3072K)
 Metaspace       used 80426K, capacity 85917K, committed 86132K, reserved 1124352K
  class space    used 11134K, capacity 12103K, committed 12148K, reserved 1048576K
}
Event: 25619.248 GC heap before
{Heap before GC invocations=84 (full 3):
 garbage-first heap   total 211968K, used 132014K [0x0000000700000000, 0x0000000700100678, 0x00000007c0000000)
  region size 1024K, 60 young (61440K), 3 survivors (3072K)
 Metaspace       used 80519K, capacity 86059K, committed 86132K, reserved 1124352K
  class space    used 11158K, capacity 12136K, committed 12148K, reserved 1048576K
}
Event: 25619.254 GC heap after
{Heap after GC invocations=85 (full 3):
 garbage-first heap   total 211968K, used 73379K [0x0000000700000000, 0x0000000700100678, 0x00000007c0000000)
  region size 1024K, 3 young (3072K), 3 survivors (3072K)
 Metaspace       used 80519K, capacity 86059K, committed 86132K, reserved 1124352K
  class space    used 11158K, capacity 12136K, committed 12148K, reserved 1048576K
}
Event: 25622.517 GC heap before
{Heap before GC invocations=85 (full 3):
 garbage-first heap   total 211968K, used 131747K [0x0000000700000000, 0x0000000700100678, 0x00000007c0000000)
  region size 1024K, 60 young (61440K), 3 survivors (3072K)
 Metaspace       used 80536K, capacity 86059K, committed 86132K, reserved 1124352K
  class space    used 11158K, capacity 12136K, committed 12148K, reserved 1048576K
}
Event: 25622.523 GC heap after
{Heap after GC invocations=86 (full 3):
 garbage-first heap   total 211968K, used 73434K [0x0000000700000000, 0x0000000700100678, 0x00000007c0000000)
  region size 1024K, 3 young (3072K), 3 survivors (3072K)
 Metaspace       used 80536K, capacity 86059K, committed 86132K, reserved 1124352K
  class space    used 11158K, capacity 12136K, committed 12148K, reserved 1048576K
}

